  IntermediateCodeGenerater.cpp
D:\WorkSpace\Complusory\CompilationPrinciple\project\compiler\compiler\IntermediateCodeGenerater.cpp(14,22): warning C4018: “<”: 有符号/无符号不匹配
D:\WorkSpace\Complusory\CompilationPrinciple\project\compiler\compiler\IntermediateCodeGenerater.cpp(163,26): warning C4018: “<”: 有符号/无符号不匹配
D:\WorkSpace\Complusory\CompilationPrinciple\project\compiler\compiler\IntermediateCodeGenerater.cpp(174,23): warning C4018: “<”: 有符号/无符号不匹配
D:\WorkSpace\Complusory\CompilationPrinciple\project\compiler\compiler\IntermediateCodeGenerater.cpp(186,25): warning C4018: “<”: 有符号/无符号不匹配
D:\WorkSpace\Complusory\CompilationPrinciple\project\compiler\compiler\IntermediateCodeGenerater.cpp(221,21): warning C4018: “<”: 有符号/无符号不匹配
D:\WorkSpace\Complusory\CompilationPrinciple\project\compiler\compiler\IntermediateCodeGenerater.cpp(225,21): warning C4018: “<”: 有符号/无符号不匹配
D:\WorkSpace\Complusory\CompilationPrinciple\project\compiler\compiler\IntermediateCodeGenerater.cpp(239,20): warning C4018: “<”: 有符号/无符号不匹配
D:\WorkSpace\Complusory\CompilationPrinciple\project\compiler\compiler\IntermediateCodeGenerater.cpp(242,21): warning C4018: “<”: 有符号/无符号不匹配
D:\WorkSpace\Complusory\CompilationPrinciple\project\compiler\compiler\IntermediateCodeGenerater.cpp(244,22): warning C4018: “<”: 有符号/无符号不匹配
D:\WorkSpace\Complusory\CompilationPrinciple\project\compiler\compiler\IntermediateCodeGenerater.cpp(260,20): warning C4018: “<”: 有符号/无符号不匹配
D:\WorkSpace\Complusory\CompilationPrinciple\project\compiler\compiler\IntermediateCodeGenerater.cpp(282,21): warning C4018: “<”: 有符号/无符号不匹配
D:\WorkSpace\Complusory\CompilationPrinciple\project\compiler\compiler\IntermediateCodeGenerater.cpp(303,20): warning C4018: “<”: 有符号/无符号不匹配
  main.cpp
D:\WorkSpace\Complusory\CompilationPrinciple\project\compiler\compiler\Optimizer.h(37,22): warning C4018: “<”: 有符号/无符号不匹配
D:\WorkSpace\Complusory\CompilationPrinciple\project\compiler\compiler\Optimizer.h(37,48): warning C4018: “<”: 有符号/无符号不匹配
D:\WorkSpace\Complusory\CompilationPrinciple\project\compiler\compiler\main.cpp(28,24): warning C4018: “<”: 有符号/无符号不匹配
  Optimizer.cpp
D:\WorkSpace\Complusory\CompilationPrinciple\project\compiler\compiler\Optimizer.h(37,22): warning C4018: “<”: 有符号/无符号不匹配
D:\WorkSpace\Complusory\CompilationPrinciple\project\compiler\compiler\Optimizer.h(37,48): warning C4018: “<”: 有符号/无符号不匹配
D:\WorkSpace\Complusory\CompilationPrinciple\project\compiler\compiler\Optimizer.cpp(32,21): warning C4018: “<”: 有符号/无符号不匹配
D:\WorkSpace\Complusory\CompilationPrinciple\project\compiler\compiler\Optimizer.cpp(43,21): warning C4018: “<”: 有符号/无符号不匹配
D:\WorkSpace\Complusory\CompilationPrinciple\project\compiler\compiler\Optimizer.cpp(61,21): warning C4018: “<”: 有符号/无符号不匹配
D:\WorkSpace\Complusory\CompilationPrinciple\project\compiler\compiler\Optimizer.cpp(77,21): warning C4018: “<”: 有符号/无符号不匹配
D:\WorkSpace\Complusory\CompilationPrinciple\project\compiler\compiler\Optimizer.cpp(107,29): warning C4018: “<”: 有符号/无符号不匹配
D:\WorkSpace\Complusory\CompilationPrinciple\project\compiler\compiler\Optimizer.cpp(117,25): warning C4018: “<”: 有符号/无符号不匹配
D:\WorkSpace\Complusory\CompilationPrinciple\project\compiler\compiler\Optimizer.cpp(123,21): warning C4018: “<”: 有符号/无符号不匹配
D:\WorkSpace\Complusory\CompilationPrinciple\project\compiler\compiler\Optimizer.cpp(137,18): warning C4018: “<”: 有符号/无符号不匹配
D:\WorkSpace\Complusory\CompilationPrinciple\project\compiler\compiler\Optimizer.cpp(156,15): warning C4018: “<”: 有符号/无符号不匹配
D:\WorkSpace\Complusory\CompilationPrinciple\project\compiler\compiler\Optimizer.cpp(168,23): warning C4018: “<”: 有符号/无符号不匹配
D:\WorkSpace\Complusory\CompilationPrinciple\project\compiler\compiler\Optimizer.cpp(210,24): warning C4018: “<”: 有符号/无符号不匹配
D:\WorkSpace\Complusory\CompilationPrinciple\project\compiler\compiler\Optimizer.cpp(238,25): warning C4018: “<”: 有符号/无符号不匹配
D:\WorkSpace\Complusory\CompilationPrinciple\project\compiler\compiler\Optimizer.cpp(270,26): warning C4018: “<”: 有符号/无符号不匹配
D:\WorkSpace\Complusory\CompilationPrinciple\project\compiler\compiler\Optimizer.cpp(295,26): warning C4018: “<”: 有符号/无符号不匹配
D:\WorkSpace\Complusory\CompilationPrinciple\project\compiler\compiler\Optimizer.cpp(316,26): warning C4018: “<”: 有符号/无符号不匹配
D:\WorkSpace\Complusory\CompilationPrinciple\project\compiler\compiler\Optimizer.cpp(347,26): warning C4018: “<”: 有符号/无符号不匹配
D:\WorkSpace\Complusory\CompilationPrinciple\project\compiler\compiler\Optimizer.cpp(445,25): warning C4018: “<”: 有符号/无符号不匹配
D:\WorkSpace\Complusory\CompilationPrinciple\project\compiler\compiler\Optimizer.cpp(469,25): warning C4018: “<”: 有符号/无符号不匹配
D:\WorkSpace\Complusory\CompilationPrinciple\project\compiler\compiler\Optimizer.cpp(495,25): warning C4018: “<”: 有符号/无符号不匹配
D:\WorkSpace\Complusory\CompilationPrinciple\project\compiler\compiler\Optimizer.cpp(522,25): warning C4018: “<”: 有符号/无符号不匹配
D:\WorkSpace\Complusory\CompilationPrinciple\project\compiler\compiler\Optimizer.cpp(568,34): warning C4018: “<”: 有符号/无符号不匹配
D:\WorkSpace\Complusory\CompilationPrinciple\project\compiler\compiler\Optimizer.cpp(589,22): warning C4018: “<”: 有符号/无符号不匹配
D:\WorkSpace\Complusory\CompilationPrinciple\project\compiler\compiler\Optimizer.cpp(599,22): warning C4018: “<”: 有符号/无符号不匹配
D:\WorkSpace\Complusory\CompilationPrinciple\project\compiler\compiler\Optimizer.cpp(606,25): warning C4018: “<”: 有符号/无符号不匹配
D:\WorkSpace\Complusory\CompilationPrinciple\project\compiler\compiler\Optimizer.cpp(627,22): warning C4018: “<”: 有符号/无符号不匹配
D:\WorkSpace\Complusory\CompilationPrinciple\project\compiler\compiler\Optimizer.cpp(635,25): warning C4018: “<”: 有符号/无符号不匹配
D:\WorkSpace\Complusory\CompilationPrinciple\project\compiler\compiler\Optimizer.cpp(694,40): warning C4018: “<”: 有符号/无符号不匹配
D:\WorkSpace\Complusory\CompilationPrinciple\project\compiler\compiler\Optimizer.cpp(703,35): warning C4018: “<”: 有符号/无符号不匹配
D:\WorkSpace\Complusory\CompilationPrinciple\project\compiler\compiler\Optimizer.cpp(709,18): warning C4018: “<”: 有符号/无符号不匹配
D:\WorkSpace\Complusory\CompilationPrinciple\project\compiler\compiler\Optimizer.cpp(721,25): warning C4018: “<”: 有符号/无符号不匹配
D:\WorkSpace\Complusory\CompilationPrinciple\project\compiler\compiler\Optimizer.cpp(731,25): warning C4018: “<”: 有符号/无符号不匹配
D:\WorkSpace\Complusory\CompilationPrinciple\project\compiler\compiler\Optimizer.cpp(750,21): warning C4018: “<”: 有符号/无符号不匹配
D:\WorkSpace\Complusory\CompilationPrinciple\project\compiler\compiler\Optimizer.cpp(758,21): warning C4018: “<”: 有符号/无符号不匹配
D:\WorkSpace\Complusory\CompilationPrinciple\project\compiler\compiler\Optimizer.cpp(762,22): warning C4018: “<”: 有符号/无符号不匹配
D:\WorkSpace\Complusory\CompilationPrinciple\project\compiler\compiler\Optimizer.cpp(767,22): warning C4018: “<”: 有符号/无符号不匹配
D:\WorkSpace\Complusory\CompilationPrinciple\project\compiler\compiler\Optimizer.cpp(776,23): warning C4018: “<”: 有符号/无符号不匹配
D:\WorkSpace\Complusory\CompilationPrinciple\project\compiler\compiler\Optimizer.cpp(780,22): warning C4018: “<”: 有符号/无符号不匹配
D:\WorkSpace\Complusory\CompilationPrinciple\project\compiler\compiler\Optimizer.cpp(792,24): warning C4018: “<”: 有符号/无符号不匹配
  正在生成代码...
  compiler.vcxproj -> D:\WorkSpace\Complusory\CompilationPrinciple\project\compiler\Debug\compiler.exe
